[2014-09-05 02:26:52] __rvm_package_extract
__rvm_package_extract () 
{ 
    rvm_debug __rvm_package_extract:$#: "$@";
    typeset __tempdir __path __file __return;
    __return=0;
    __tempdir="$( TMPDIR="${rvm_tmp_path}" mktemp -d -t rvm-tmp.XXXXXXXXX )";
    __rvm_package_extract_run "$1" "$__tempdir" || __return=$?;
    if (( __return == 0 )); then
        for __path in "$__tempdir"/*;
        do
            __file="${__path##*/}";
            if [[ -n "${__file}" && -e "$2/${__file}" ]]; then
                \command \rm -rf "$2/${__file}" || __return=$?;
            fi;
            \command \mv -f "${__path}" "$2/" || __return=$?;
        done;
    fi;
    if [[ -n "$__tempdir" ]]; then
        \command \rm -rf "$__tempdir";
    fi;
    return $__return
}
current path: /home/adminuser/.rvm/src/ruby-2.0.0-p481
PATH=/usr/local/sbin:/usr/local/bin:/usr/sbin:/usr/bin:/sbin:/bin:/usr/games:/usr/local/games:/home/adminuser/.rvm/bin
command(3): __rvm_package_extract /home/adminuser/.rvm/archives/rubygems-2.2.2.tgz /home/adminuser/.rvm/src
++ rvm_debug __rvm_package_extract:2: /home/adminuser/.rvm/archives/rubygems-2.2.2.tgz /home/adminuser/.rvm/src
++ ((  0  ))
++ return 0
++ typeset __tempdir __path __file __return
++ __return=0
+++ TMPDIR=/home/adminuser/.rvm/tmp
+++ mktemp -d -t rvm-tmp.XXXXXXXXX
++ __tempdir=/home/adminuser/.rvm/tmp/rvm-tmp.SeSStVbZP
++ __rvm_package_extract_run /home/adminuser/.rvm/archives/rubygems-2.2.2.tgz /home/adminuser/.rvm/tmp/rvm-tmp.SeSStVbZP
++ [[ !    =~  --no-same-owner  ]]
++ __rvm_grep -- --no-same-owner
++ __rvm_tar --help
++ GREP_OPTIONS=
++ command grep -- --no-same-owner
++ grep -- --no-same-owner
++ rvm_tar_options=--no-same-owner
++ [[ -d /home/adminuser/.rvm/tmp/rvm-tmp.SeSStVbZP ]]
++ case "$1" in
++ [[ -n '' ]]
++ __rvm_tar xzf /home/adminuser/.rvm/archives/rubygems-2.2.2.tgz -C /home/adminuser/.rvm/tmp/rvm-tmp.SeSStVbZP --no-same-owner
++ tar xzf /home/adminuser/.rvm/archives/rubygems-2.2.2.tgz -C /home/adminuser/.rvm/tmp/rvm-tmp.SeSStVbZP --no-same-owner
++ __rvm_fix_group_permissions /home/adminuser/.rvm/tmp/rvm-tmp.SeSStVbZP/rubygems-2.2.2
++ __rvm_grep g=rw
++ umask -S
++ GREP_OPTIONS=
++ command grep g=rw
++ grep g=rw
++ chmod -R g+rwX /home/adminuser/.rvm/tmp/rvm-tmp.SeSStVbZP/rubygems-2.2.2
++ ((  __return == 0  ))
++ for __path in '"$__tempdir"/*'
++ __file=rubygems-2.2.2
++ [[ -n rubygems-2.2.2 ]]
++ [[ -e /home/adminuser/.rvm/src/rubygems-2.2.2 ]]
++ command mv -f /home/adminuser/.rvm/tmp/rvm-tmp.SeSStVbZP/rubygems-2.2.2 /home/adminuser/.rvm/src/
++ mv -f /home/adminuser/.rvm/tmp/rvm-tmp.SeSStVbZP/rubygems-2.2.2 /home/adminuser/.rvm/src/
++ [[ -n /home/adminuser/.rvm/tmp/rvm-tmp.SeSStVbZP ]]
++ command rm -rf /home/adminuser/.rvm/tmp/rvm-tmp.SeSStVbZP
++ rm -rf /home/adminuser/.rvm/tmp/rvm-tmp.SeSStVbZP
++ return 0
