[2014-09-05 15:54:39] alias_create_exceute
alias_create_exceute () 
{ 
    for _path in "$rvm_rubies_path" "$rvm_environments_path" "$rvm_wrappers_path";
    do
        if [[ -L "$_path/$alias_name" ]]; then
            \command \rm -fv "$_path/$alias_name" || return $?;
        fi;
        \command \ln -fs "$_path/$rvm_ruby_string" "$_path/$alias_name" || return $?;
    done;
    __rvm_db_ "$rvm_path/config/alias" "$alias_name" "$rvm_ruby_string"
}
current path: /home/adminuser
GEM_HOME=/home/adminuser/.rvm/gems/ruby-2.0.0-p481@railstutorial_rails_4_0
PATH=/home/adminuser/.rvm/gems/ruby-2.0.0-p481@railstutorial_rails_4_0/bin:/home/adminuser/.rvm/gems/ruby-2.0.0-p481@global/bin:/home/adminuser/.rvm/rubies/ruby-2.0.0-p481/bin:/home/adminuser/.rvm/bin:/usr/local/sbin:/usr/local/bin:/usr/sbin:/usr/bin:/sbin:/bin:/usr/games:/usr/local/games
GEM_PATH=/home/adminuser/.rvm/gems/ruby-2.0.0-p481@railstutorial_rails_4_0:/home/adminuser/.rvm/gems/ruby-2.0.0-p481@global
command(1): alias_create_exceute
+ for _path in '"$rvm_rubies_path"' '"$rvm_environments_path"' '"$rvm_wrappers_path"'
+ [[ -L /home/adminuser/.rvm/rubies/default ]]
+ command ln -fs /home/adminuser/.rvm/rubies/ruby-2.0.0-p481@railstutorial_rails_4_0 /home/adminuser/.rvm/rubies/default
+ ln -fs /home/adminuser/.rvm/rubies/ruby-2.0.0-p481@railstutorial_rails_4_0 /home/adminuser/.rvm/rubies/default
+ for _path in '"$rvm_rubies_path"' '"$rvm_environments_path"' '"$rvm_wrappers_path"'
+ [[ -L /home/adminuser/.rvm/environments/default ]]
+ command ln -fs /home/adminuser/.rvm/environments/ruby-2.0.0-p481@railstutorial_rails_4_0 /home/adminuser/.rvm/environments/default
+ ln -fs /home/adminuser/.rvm/environments/ruby-2.0.0-p481@railstutorial_rails_4_0 /home/adminuser/.rvm/environments/default
+ for _path in '"$rvm_rubies_path"' '"$rvm_environments_path"' '"$rvm_wrappers_path"'
+ [[ -L /home/adminuser/.rvm/wrappers/default ]]
+ command ln -fs /home/adminuser/.rvm/wrappers/ruby-2.0.0-p481@railstutorial_rails_4_0 /home/adminuser/.rvm/wrappers/default
+ ln -fs /home/adminuser/.rvm/wrappers/ruby-2.0.0-p481@railstutorial_rails_4_0 /home/adminuser/.rvm/wrappers/default
+ __rvm_db_ /home/adminuser/.rvm/config/alias default ruby-2.0.0-p481@railstutorial_rails_4_0
+ typeset __db __key __value
+ __db=/home/adminuser/.rvm/config/alias
+ __key=default
+ shift 2
+ __value=ruby-2.0.0-p481@railstutorial_rails_4_0
+ case "${__value}" in
+ __rvm_db_add /home/adminuser/.rvm/config/alias default ruby-2.0.0-p481@railstutorial_rails_4_0
+ typeset __dir=/home/adminuser/.rvm/config
+ [[ -f /home/adminuser/.rvm/config/alias ]]
+ __rvm_db_remove /home/adminuser/.rvm/config/alias default
+ [[ -f /home/adminuser/.rvm/config/alias ]]
+ __rvm_sed -e '\#^default=# d' -e '/^$/d' /home/adminuser/.rvm/config/alias
+ sed -e '\#^default=# d' -e '/^$/d' /home/adminuser/.rvm/config/alias
+ command mv -f /home/adminuser/.rvm/config/alias.new /home/adminuser/.rvm/config/alias
+ mv -f /home/adminuser/.rvm/config/alias.new /home/adminuser/.rvm/config/alias
+ printf '%b=%b\n' default ruby-2.0.0-p481@railstutorial_rails_4_0
